<?xml version="1.0" encoding="UTF-8"?>
<!-- Generated by org.testng.reporters.JUnitXMLReporter -->
<testsuite ignored="4" hostname="DESKTOP-5Q078GF" failures="0" tests="2" name="Test" time="141.349" errors="0" timestamp="2022-06-09T18:49:31 IST">
  <testcase classname="com.crm.comcast.campaignTest.CreateCampaignWithProductTest" name="CreateCampaignwithProductTest" time="44.375"/>
  <testcase classname="com.crm.comcast.campaignTest.CreateCampaignTest" name="createCampaignTest" time="22.646"/>
  <testcase classname="Generic_Utility.BaseClass" name="@BeforeTest bt" time="0.0">
    <ignored/>
  </testcase> <!-- @BeforeTest bt -->
  <testcase classname="Generic_Utility.BaseClass" name="@AfterSuite as" time="0.0">
    <ignored/>
  </testcase> <!-- @AfterSuite as -->
  <testcase classname="Generic_Utility.BaseClass" name="@AfterTest at" time="0.0">
    <ignored/>
  </testcase> <!-- @AfterTest at -->
  <testcase classname="Generic_Utility.BaseClass" name="@BeforeSuite beforesuite" time="0.0">
    <ignored/>
  </testcase> <!-- @BeforeSuite beforesuite -->
</testsuite> <!-- Test -->
