<?xml version="1.0" encoding="UTF-8"?>
<testng-results ignored="0" total="1" passed="1" failed="0" skipped="0">
  <reporter-output>
  </reporter-output>
  <suite started-at="2022-06-22T22:18:39 IST" name="Default suite" finished-at="2022-06-22T22:19:04 IST" duration-ms="24437">
    <groups>
    </groups>
    <test started-at="2022-06-22T22:18:39 IST" name="Default test" finished-at="2022-06-22T22:19:04 IST" duration-ms="24437">
      <class name="Practise.CrossPlatform">
        <test-method signature="m1()[pri:0, instance:Practise.CrossPlatform@4f2b503c]" started-at="2022-06-22T22:18:39 IST" name="m1" finished-at="2022-06-22T22:19:04 IST" duration-ms="24380" status="PASS">
          <reporter-output>
          </reporter-output>
        </test-method> <!-- m1 -->
      </class> <!-- Practise.CrossPlatform -->
    </test> <!-- Default test -->
  </suite> <!-- Default suite -->
</testng-results>
